[     198ms] [INFO] %cDownload the React DevTools for a better development experience: https://reactjs.org/link/react-devtools font-weight:bold @ http://localhost:8081/apps/mobile/node_modules/expo-router/entry.bundle?platform=web&dev=true&hot=false&transform.engine=hermes&transform.routerRoot=app&unstable_transformProfile=hermes-stable:34298
[     240ms] [LOG] Running application "main" with appParams:
 {rootTag: #root, hydrate: undefined} 
Development-level warnings: ON.
Performance optimizations: OFF. @ http://localhost:8081/apps/mobile/node_modules/expo-router/entry.bundle?platform=web&dev=true&hot=false&transform.engine=hermes&transform.routerRoot=app&unstable_transformProfile=hermes-stable:77094
[     267ms] [WARNING] "shadow*" style props are deprecated. Use "boxShadow". @ http://localhost:8081/apps/mobile/node_modules/expo-router/entry.bundle?platform=web&dev=true&hot=false&transform.engine=hermes&transform.routerRoot=app&unstable_transformProfile=hermes-stable:40935
[   10960ms] [WARNING] [Layout children]: No route named "villas" exists in nested children: [home, inbox, settings, villas/add, villas/index, villas/[id]/bills, villas/[id]/messages, villas/[id]/notices, villas/[id]/parking, villas/[id]/residents] @ http://localhost:8081/apps/mobile/node_modules/expo-router/entry.bundle?platform=web&dev=true&hot=false&transform.engine=hermes&transform.routerRoot=app&unstable_transformProfile=hermes-stable:59587
[   10964ms] [WARNING] props.pointerEvents is deprecated. Use style.pointerEvents @ http://localhost:8081/apps/mobile/node_modules/expo-router/entry.bundle?platform=web&dev=true&hot=false&transform.engine=hermes&transform.routerRoot=app&unstable_transformProfile=hermes-stable:40935
[   11038ms] ReferenceError: VILLAS is not defined
    at AdminHomeScreen (http://localhost:8081/apps/mobile/node_modules/expo-router/entry.bundle?platform=web&dev=true&hot=false&transform.engine=hermes&transform.routerRoot=app&unstable_transformProfile=hermes-stable:92116:19)
    at renderWithHooks (http://localhost:8081/apps/mobile/node_modules/expo-router/entry.bundle?platform=web&dev=true&hot=false&transform.engine=hermes&transform.routerRoot=app&unstable_transformProfile=hermes-stable:22002:24)
    at updateFunctionComponent (http://localhost:8081/apps/mobile/node_modules/expo-router/entry.bundle?platform=web&dev=true&hot=false&transform.engine=hermes&transform.routerRoot=app&unstable_transformProfile=hermes-stable:25574:26)
    at beginWork (http://localhost:8081/apps/mobile/node_modules/expo-router/entry.bundle?platform=web&dev=true&hot=false&transform.engine=hermes&transform.routerRoot=app&unstable_transformProfile=hermes-stable:27293:22)
    at HTMLUnknownElement.callCallback (http://localhost:8081/apps/mobile/node_modules/expo-router/entry.bundle?platform=web&dev=true&hot=false&transform.engine=hermes&transform.routerRoot=app&unstable_transformProfile=hermes-stable:12258:20)
    at Object.invokeGuardedCallbackDev (http://localhost:8081/apps/mobile/node_modules/expo-router/entry.bundle?platform=web&dev=true&hot=false&transform.engine=hermes&transform.routerRoot=app&unstable_transformProfile=hermes-stable:12302:22)
    at invokeGuardedCallback (http://localhost:8081/apps/mobile/node_modules/expo-router/entry.bundle?platform=web&dev=true&hot=false&transform.engine=hermes&transform.routerRoot=app&unstable_transformProfile=hermes-stable:12359:37)
    at beginWork$1 (http://localhost:8081/apps/mobile/node_modules/expo-router/entry.bundle?platform=web&dev=true&hot=false&transform.engine=hermes&transform.routerRoot=app&unstable_transformProfile=hermes-stable:32262:13)
    at performUnitOfWork (http://localhost:8081/apps/mobile/node_modules/expo-router/entry.bundle?platform=web&dev=true&hot=false&transform.engine=hermes&transform.routerRoot=app&unstable_transformProfile=hermes-stable:31510:18)
    at workLoopSync (http://localhost:8081/apps/mobile/node_modules/expo-router/entry.bundle?platform=web&dev=true&hot=false&transform.engine=hermes&transform.routerRoot=app&unstable_transformProfile=hermes-stable:31433:11)
    at renderRootSync (http://localhost:8081/apps/mobile/node_modules/expo-router/entry.bundle?platform=web&dev=true&hot=false&transform.engine=hermes&transform.routerRoot=app&unstable_transformProfile=hermes-stable:31406:13)
    at performConcurrentWorkOnRoot (http://localhost:8081/apps/mobile/node_modules/expo-router/entry.bundle?platform=web&dev=true&hot=false&transform.engine=hermes&transform.routerRoot=app&unstable_transformProfile=hermes-stable:30801:80)
    at workLoop (http://localhost:8081/apps/mobile/node_modules/expo-router/entry.bundle?platform=web&dev=true&hot=false&transform.engine=hermes&transform.routerRoot=app&unstable_transformProfile=hermes-stable:34559:40)
    at flushWork (http://localhost:8081/apps/mobile/node_modules/expo-router/entry.bundle?platform=web&dev=true&hot=false&transform.engine=hermes&transform.routerRoot=app&unstable_transformProfile=hermes-stable:34537:20)
    at MessagePort.performWorkUntilDeadline (http://localhost:8081/apps/mobile/node_modules/expo-router/entry.bundle?platform=web&dev=true&hot=false&transform.engine=hermes&transform.routerRoot=app&unstable_transformProfile=hermes-stable:34774:27)
[   11039ms] ReferenceError: VILLAS is not defined
    at AdminHomeScreen (http://localhost:8081/apps/mobile/node_modules/expo-router/entry.bundle?platform=web&dev=true&hot=false&transform.engine=hermes&transform.routerRoot=app&unstable_transformProfile=hermes-stable:92116:19)
    at renderWithHooks (http://localhost:8081/apps/mobile/node_modules/expo-router/entry.bundle?platform=web&dev=true&hot=false&transform.engine=hermes&transform.routerRoot=app&unstable_transformProfile=hermes-stable:22002:24)
    at updateFunctionComponent (http://localhost:8081/apps/mobile/node_modules/expo-router/entry.bundle?platform=web&dev=true&hot=false&transform.engine=hermes&transform.routerRoot=app&unstable_transformProfile=hermes-stable:25574:26)
    at beginWork (http://localhost:8081/apps/mobile/node_modules/expo-router/entry.bundle?platform=web&dev=true&hot=false&transform.engine=hermes&transform.routerRoot=app&unstable_transformProfile=hermes-stable:27293:22)
    at HTMLUnknownElement.callCallback (http://localhost:8081/apps/mobile/node_modules/expo-router/entry.bundle?platform=web&dev=true&hot=false&transform.engine=hermes&transform.routerRoot=app&unstable_transformProfile=hermes-stable:12258:20)
    at Object.invokeGuardedCallbackDev (http://localhost:8081/apps/mobile/node_modules/expo-router/entry.bundle?platform=web&dev=true&hot=false&transform.engine=hermes&transform.routerRoot=app&unstable_transformProfile=hermes-stable:12302:22)
    at invokeGuardedCallback (http://localhost:8081/apps/mobile/node_modules/expo-router/entry.bundle?platform=web&dev=true&hot=false&transform.engine=hermes&transform.routerRoot=app&unstable_transformProfile=hermes-stable:12359:37)
    at beginWork$1 (http://localhost:8081/apps/mobile/node_modules/expo-router/entry.bundle?platform=web&dev=true&hot=false&transform.engine=hermes&transform.routerRoot=app&unstable_transformProfile=hermes-stable:32262:13)
    at performUnitOfWork (http://localhost:8081/apps/mobile/node_modules/expo-router/entry.bundle?platform=web&dev=true&hot=false&transform.engine=hermes&transform.routerRoot=app&unstable_transformProfile=hermes-stable:31510:18)
    at workLoopSync (http://localhost:8081/apps/mobile/node_modules/expo-router/entry.bundle?platform=web&dev=true&hot=false&transform.engine=hermes&transform.routerRoot=app&unstable_transformProfile=hermes-stable:31433:11)
    at renderRootSync (http://localhost:8081/apps/mobile/node_modules/expo-router/entry.bundle?platform=web&dev=true&hot=false&transform.engine=hermes&transform.routerRoot=app&unstable_transformProfile=hermes-stable:31406:13)
    at recoverFromConcurrentError (http://localhost:8081/apps/mobile/node_modules/expo-router/entry.bundle?platform=web&dev=true&hot=false&transform.engine=hermes&transform.routerRoot=app&unstable_transformProfile=hermes-stable:30898:26)
    at performConcurrentWorkOnRoot (http://localhost:8081/apps/mobile/node_modules/expo-router/entry.bundle?platform=web&dev=true&hot=false&transform.engine=hermes&transform.routerRoot=app&unstable_transformProfile=hermes-stable:30811:28)
    at workLoop (http://localhost:8081/apps/mobile/node_modules/expo-router/entry.bundle?platform=web&dev=true&hot=false&transform.engine=hermes&transform.routerRoot=app&unstable_transformProfile=hermes-stable:34559:40)
    at flushWork (http://localhost:8081/apps/mobile/node_modules/expo-router/entry.bundle?platform=web&dev=true&hot=false&transform.engine=hermes&transform.routerRoot=app&unstable_transformProfile=hermes-stable:34537:20)
    at MessagePort.performWorkUntilDeadline (http://localhost:8081/apps/mobile/node_modules/expo-router/entry.bundle?platform=web&dev=true&hot=false&transform.engine=hermes&transform.routerRoot=app&unstable_transformProfile=hermes-stable:34774:27)
[   11035ms] [ERROR] The above error occurred in the <AdminHomeScreen> component:

    at AdminHomeScreen (http://localhost:8081/apps/mobile/node_modules/expo-router/entry.bundle?platform=web&dev=true&hot=false&transform.engine=hermes&transform.routerRoot=app&unstable_transformProfile=hermes-stable:91938:55)
    at Suspense
    at Route (http://localhost:8081/apps/mobile/node_modules/expo-router/entry.bundle?platform=web&dev=true&hot=false&transform.engine=hermes&transform.routerRoot=app&unstable_transformProfile=hermes-stable:59359:5)
    at http://localhost:8081/apps/mobile/node_modules/expo-router/entry.bundle?platform=web&dev=true&hot=false&transform.engine=hermes&transform.routerRoot=app&unstable_transformProfile=hermes-stable:59725:7
    at StaticContainer (http://localhost:8081/apps/mobile/node_modules/expo-router/entry.bundle?platform=web&dev=true&hot=false&transform.engine=hermes&transform.routerRoot=app&unstable_transformProfile=hermes-stable:67587:18)
    at EnsureSingleNavigator (http://localhost:8081/apps/mobile/node_modules/expo-router/entry.bundle?platform=web&dev=true&hot=false&transform.engine=hermes&transform.routerRoot=app&unstable_transformProfile=hermes-stable:62242:5)
    at SceneView (http://localhost:8081/apps/mobile/node_modules/expo-router/entry.bundle?platform=web&dev=true&hot=false&transform.engine=hermes&transform.routerRoot=app&unstable_transformProfile=hermes-stable:67424:5)
    at NavigationProvider (http://localhost:8081/apps/mobile/node_modules/expo-router/entry.bundle?platform=web&dev=true&hot=false&transform.engine=hermes&transform.routerRoot=app&unstable_transformProfile=hermes-stable:64383:5)
    at div
    at http://localhost:8081/apps/mobile/node_modules/expo-router/entry.bundle?platform=web&dev=true&hot=false&transform.engine=hermes&transform.routerRoot=app&unstable_transformProfile=hermes-stable:41653:27
    at div
    at http://localhost:8081/apps/mobile/node_modules/expo-router/entry.bundle?platform=web&dev=true&hot=false&transform.engine=hermes&transform.routerRoot=app&unstable_transformProfile=hermes-stable:41653:27
    at http://localhost:8081/apps/mobile/node_modules/expo-router/entry.bundle?platform=web&dev=true&hot=false&transform.engine=hermes&transform.routerRoot=app&unstable_transformProfile=hermes-stable:52660:62
    at Background (http://localhost:8081/apps/mobile/node_modules/expo-router/entry.bundle?platform=web&dev=true&hot=false&transform.engine=hermes&transform.routerRoot=app&unstable_transformProfile=hermes-stable:71073:5)
    at Screen (http://localhost:8081/apps/mobile/node_modules/expo-router/entry.bundle?platform=web&dev=true&hot=false&transform.engine=hermes&transform.routerRoot=app&unstable_transformProfile=hermes-stable:74683:70)
    at div
    at http://localhost:8081/apps/mobile/node_modules/expo-router/entry.bundle?platform=web&dev=true&hot=false&transform.engine=hermes&transform.routerRoot=app&unstable_transformProfile=hermes-stable:41653:27
    at MaybeScreen (http://localhost:8081/apps/mobile/node_modules/expo-router/entry.bundle?platform=web&dev=true&hot=false&transform.engine=hermes&transform.routerRoot=app&unstable_transformProfile=hermes-stable:75626:5)
    at div
    at http://localhost:8081/apps/mobile/node_modules/expo-router/entry.bundle?platform=web&dev=true&hot=false&transform.engine=hermes&transform.routerRoot=app&unstable_transformProfile=hermes-stable:41653:27
    at MaybeScreenContainer (http://localhost:8081/apps/mobile/node_modules/expo-router/entry.bundle?platform=web&dev=true&hot=false&transform.engine=hermes&transform.routerRoot=app&unstable_transformProfile=hermes-stable:75611:5)
    at div
    at http://localhost:8081/apps/mobile/node_modules/expo-router/entry.bundle?platform=web&dev=true&hot=false&transform.engine=hermes&transform.routerRoot=app&unstable_transformProfile=hermes-stable:41653:27
    at FrameSizeProvider (http://localhost:8081/apps/mobile/node_modules/expo-router/entry.bundle?platform=web&dev=true&hot=false&transform.engine=hermes&transform.routerRoot=app&unstable_transformProfile=hermes-stable:73019:5)
    at SafeAreaProviderCompat (http://localhost:8081/apps/mobile/node_modules/expo-router/entry.bundle?platform=web&dev=true&hot=false&transform.engine=hermes&transform.routerRoot=app&unstable_transformProfile=hermes-stable:74622:5)
    at BottomTabView (http://localhost:8081/apps/mobile/node_modules/expo-router/entry.bundle?platform=web&dev=true&hot=false&transform.engine=hermes&transform.routerRoot=app&unstable_transformProfile=hermes-stable:70586:7)
    at PreventRemoveProvider (http://localhost:8081/apps/mobile/node_modules/expo-router/entry.bundle?platform=web&dev=true&hot=false&transform.engine=hermes&transform.routerRoot=app&unstable_transformProfile=hermes-stable:66308:5)
    at NavigationStateListenerProvider (http://localhost:8081/apps/mobile/node_modules/expo-router/entry.bundle?platform=web&dev=true&hot=false&transform.engine=hermes&transform.routerRoot=app&unstable_transformProfile=hermes-stable:68019:5)
    at NavigationContent (http://localhost:8081/apps/mobile/node_modules/expo-router/entry.bundle?platform=web&dev=true&hot=false&transform.engine=hermes&transform.routerRoot=app&unstable_transformProfile=hermes-stable:67158:5)
    at http://localhost:8081/apps/mobile/node_modules/expo-router/entry.bundle?platform=web&dev=true&hot=false&transform.engine=hermes&transform.routerRoot=app&unstable_transformProfile=hermes-stable:67174:7
    at BottomTabNavigator (http://localhost:8081/apps/mobile/node_modules/expo-router/entry.bundle?platform=web&dev=true&hot=false&transform.engine=hermes&transform.routerRoot=app&unstable_transformProfile=hermes-stable:70488:5)
    at http://localhost:8081/apps/mobile/node_modules/expo-router/entry.bundle?platform=web&dev=true&hot=false&transform.engine=hermes&transform.routerRoot=app&unstable_transformProfile=hermes-stable:59252:17
    at AdminLayout
    at Suspense
    at Route (http://localhost:8081/apps/mobile/node_modules/expo-router/entry.bundle?platform=web&dev=true&hot=false&transform.engine=hermes&transform.routerRoot=app&unstable_transformProfile=hermes-stable:59359:5)
    at http://localhost:8081/apps/mobile/node_modules/expo-router/entry.bundle?platform=web&dev=true&hot=false&transform.engine=hermes&transform.routerRoot=app&unstable_transformProfile=hermes-stable:59725:7
    at StaticContainer (http://localhost:8081/apps/mobile/node_modules/expo-router/entry.bundle?platform=web&dev=true&hot=false&transform.engine=hermes&transform.routerRoot=app&unstable_transformProfile=hermes-stable:67587:18)
    at EnsureSingleNavigator (http://localhost:8081/apps/mobile/node_modules/expo-router/entry.bundle?platform=web&dev=true&hot=false&transform.engine=hermes&transform.routerRoot=app&unstable_transformProfile=hermes-stable:62242:5)
    at SceneView (http://localhost:8081/apps/mobile/node_modules/expo-router/entry.bundle?platform=web&dev=true&hot=false&transform.engine=hermes&transform.routerRoot=app&unstable_transformProfile=hermes-stable:67424:5)
    at NavigationProvider (http://localhost:8081/apps/mobile/node_modules/expo-router/entry.bundle?platform=web&dev=true&hot=false&transform.engine=hermes&transform.routerRoot=app&unstable_transformProfile=hermes-stable:64383:5)
    at div
    at http://localhost:8081/apps/mobile/node_modules/expo-router/entry.bundle?platform=web&dev=true&hot=false&transform.engine=hermes&transform.routerRoot=app&unstable_transformProfile=hermes-stable:41653:27
    at AnimatedHeaderHeightProvider (http://localhost:8081/apps/mobile/node_modules/expo-router/entry.bundle?platform=web&dev=true&hot=false&transform.engine=hermes&transform.routerRoot=app&unstable_transformProfile=hermes-stable:89526:5)
    at div
    at http://localhost:8081/apps/mobile/node_modules/expo-router/entry.bundle?platform=web&dev=true&hot=false&transform.engine=hermes&transform.routerRoot=app&unstable_transformProfile=hermes-stable:41653:27
    at div
    at http://localhost:8081/apps/mobile/node_modules/expo-router/entry.bundle?platform=web&dev=true&hot=false&transform.engine=hermes&transform.routerRoot=app&unstable_transformProfile=hermes-stable:41653:27
    at http://localhost:8081/apps/mobile/node_modules/expo-router/entry.bundle?platform=web&dev=true&hot=false&transform.engine=hermes&transform.routerRoot=app&unstable_transformProfile=hermes-stable:52660:62
    at Background (http://localhost:8081/apps/mobile/node_modules/expo-router/entry.bundle?platform=web&dev=true&hot=false&transform.engine=hermes&transform.routerRoot=app&unstable_transformProfile=hermes-stable:71073:5)
    at Screen (http://localhost:8081/apps/mobile/node_modules/expo-router/entry.bundle?platform=web&dev=true&hot=false&transform.engine=hermes&transform.routerRoot=app&unstable_transformProfile=hermes-stable:74683:70)
    at div
    at http://localhost:8081/apps/mobile/node_modules/expo-router/entry.bundle?platform=web&dev=true&hot=false&transform.engine=hermes&transform.routerRoot=app&unstable_transformProfile=hermes-stable:41653:27
    at FrameSizeProvider (http://localhost:8081/apps/mobile/node_modules/expo-router/entry.bundle?platform=web&dev=true&hot=false&transform.engine=hermes&transform.routerRoot=app&unstable_transformProfile=hermes-stable:73019:5)
    at SafeAreaProviderCompat (http://localhost:8081/apps/mobile/node_modules/expo-router/entry.bundle?platform=web&dev=true&hot=false&transform.engine=hermes&transform.routerRoot=app&unstable_transformProfile=hermes-stable:74622:5)
    at NativeStackView (http://localhost:8081/apps/mobile/node_modules/expo-router/entry.bundle?platform=web&dev=true&hot=false&transform.engine=hermes&transform.routerRoot=app&unstable_transformProfile=hermes-stable:89425:5)
    at PreventRemoveProvider (http://localhost:8081/apps/mobile/node_modules/expo-router/entry.bundle?platform=web&dev=true&hot=false&transform.engine=hermes&transform.routerRoot=app&unstable_transformProfile=hermes-stable:66308:5)
    at NavigationStateListenerProvider (http://localhost:8081/apps/mobile/node_modules/expo-router/entry.bundle?platform=web&dev=true&hot=false&transform.engine=hermes&transform.routerRoot=app&unstable_transformProfile=hermes-stable:68019:5)
    at NavigationContent (http://localhost:8081/apps/mobile/node_modules/expo-router/entry.bundle?platform=web&dev=true&hot=false&transform.engine=hermes&transform.routerRoot=app&unstable_transformProfile=hermes-stable:67158:5)
    at http://localhost:8081/apps/mobile/node_modules/expo-router/entry.bundle?platform=web&dev=true&hot=false&transform.engine=hermes&transform.routerRoot=app&unstable_transformProfile=hermes-stable:67174:7
    at NativeStackNavigator (http://localhost:8081/apps/mobile/node_modules/expo-router/entry.bundle?platform=web&dev=true&hot=false&transform.engine=hermes&transform.routerRoot=app&unstable_transformProfile=hermes-stable:89227:5)
    at http://localhost:8081/apps/mobile/node_modules/expo-router/entry.bundle?platform=web&dev=true&hot=false&transform.engine=hermes&transform.routerRoot=app&unstable_transformProfile=hermes-stable:59252:17
    at RootLayout
    at Suspense
    at Route (http://localhost:8081/apps/mobile/node_modules/expo-router/entry.bundle?platform=web&dev=true&hot=false&transform.engine=hermes&transform.routerRoot=app&unstable_transformProfile=hermes-stable:59359:5)
    at http://localhost:8081/apps/mobile/node_modules/expo-router/entry.bundle?platform=web&dev=true&hot=false&transform.engine=hermes&transform.routerRoot=app&unstable_transformProfile=hermes-stable:59725:7
    at div
    at http://localhost:8081/apps/mobile/node_modules/expo-router/entry.bundle?platform=web&dev=true&hot=false&transform.engine=hermes&transform.routerRoot=app&unstable_transformProfile=hermes-stable:41653:27
    at NativeSafeAreaProvider (http://localhost:8081/apps/mobile/node_modules/expo-router/entry.bundle?platform=web&dev=true&hot=false&transform.engine=hermes&transform.routerRoot=app&unstable_transformProfile=hermes-stable:72771:5)
    at SafeAreaProvider (http://localhost:8081/apps/mobile/node_modules/expo-router/entry.bundle?platform=web&dev=true&hot=false&transform.engine=hermes&transform.routerRoot=app&unstable_transformProfile=hermes-stable:72642:5)
    at wrapper (http://localhost:8081/apps/mobile/node_modules/expo-router/entry.bundle?platform=web&dev=true&hot=false&transform.engine=hermes&transform.routerRoot=app&unstable_transformProfile=hermes-stable:89916:7)
    at ThemeProvider (http://localhost:8081/apps/mobile/node_modules/expo-router/entry.bundle?platform=web&dev=true&hot=false&transform.engine=hermes&transform.routerRoot=app&unstable_transformProfile=hermes-stable:63530:5)
    at EnsureSingleNavigator (http://localhost:8081/apps/mobile/node_modules/expo-router/entry.bundle?platform=web&dev=true&hot=false&transform.engine=hermes&transform.routerRoot=app&unstable_transformProfile=hermes-stable:62242:5)
    at BaseNavigationContainer (http://localhost:8081/apps/mobile/node_modules/expo-router/entry.bundle?platform=web&dev=true&hot=false&transform.engine=hermes&transform.routerRoot=app&unstable_transformProfile=hermes-stable:60452:5)
    at NavigationContainerInner (http://localhost:8081/apps/mobile/node_modules/expo-router/entry.bundle?platform=web&dev=true&hot=false&transform.engine=hermes&transform.routerRoot=app&unstable_transformProfile=hermes-stable:90128:5)
    at ContextNavigator (http://localhost:8081/apps/mobile/node_modules/expo-router/entry.bundle?platform=web&dev=true&hot=false&transform.engine=hermes&transform.routerRoot=app&unstable_transformProfile=hermes-stable:89959:5)
    at ExpoRoot (http://localhost:8081/apps/mobile/node_modules/expo-router/entry.bundle?platform=web&dev=true&hot=false&transform.engine=hermes&transform.routerRoot=app&unstable_transformProfile=hermes-stable:89907:14)
    at _HelmetProvider (http://localhost:8081/apps/mobile/node_modules/expo-router/entry.bundle?platform=web&dev=true&hot=false&transform.engine=hermes&transform.routerRoot=app&unstable_transformProfile=hermes-stable:125264:7)
    at App
    at LogBoxStateSubscription (http://localhost:8081/apps/mobile/node_modules/expo-router/entry.bundle?platform=web&dev=true&hot=false&transform.engine=hermes&transform.routerRoot=app&unstable_transformProfile=hermes-stable:4920:9)
    at ErrorOverlay
    at withDevTools(ErrorOverlay)
    at AppContainer (http://localhost:8081/apps/mobile/node_modules/expo-router/entry.bundle?platform=web&dev=true&hot=false&transform.engine=hermes&transform.routerRoot=app&unstable_transformProfile=hermes-stable:77179:5)

React will try to recreate this component tree from scratch using the error boundary you provided, LogBoxStateSubscription. @ http://localhost:8081/apps/mobile/node_modules/expo-router/entry.bundle?platform=web&dev=true&hot=false&transform.engine=hermes&transform.routerRoot=app&unstable_transformProfile=hermes-stable:4565
