[     363ms] [INFO] %cDownload the React DevTools for a better development experience: https://react.dev/link/react-devtools font-weight:bold @ http://localhost:8081/apps/mobile/node_modules/expo-router/entry.bundle?platform=web&dev=true&hot=false&transform.engine=hermes&transform.routerRoot=app&unstable_transformProfile=hermes-stable:21045
[     408ms] [LOG] Running application "main" with appParams:
 {rootTag: #root, hydrate: undefined} 
Development-level warnings: ON.
Performance optimizations: OFF. @ http://localhost:8081/apps/mobile/node_modules/expo-router/entry.bundle?platform=web&dev=true&hot=false&transform.engine=hermes&transform.routerRoot=app&unstable_transformProfile=hermes-stable:67009
[     422ms] [ERROR] %o

%s

%s
 Error: A React Element from an older version of React was rendered. This is not supported. It can happen if:
- Multiple copies of the "react" package is used.
- A library pre-bundled an old copy of "react" or "react/jsx-runtime".
- A compiler tries to "inline" JSX instead of using the runtime.
    at throwOnInvalidObjectTypeImpl (http://localhost:8081/apps/mobile/node_modules/expo-router/entry.bundle?platform=web&dev=true&hot=false&transform.engine=hermes&transform.routerRoot=app&unstable_transformProfile=hermes-stable:9466:66)
    at throwOnInvalidObjectType (http://localhost:8081/apps/mobile/node_modules/expo-router/entry.bundle?platform=web&dev=true&hot=false&transform.engine=hermes&transform.routerRoot=app&unstable_transformProfile=hermes-stable:9472:108)
    at reconcileChildFibersImpl (http://localhost:8081/apps/mobile/node_modules/expo-router/entry.bundle?platform=web&dev=true&hot=false&transform.engine=hermes&transform.routerRoot=app&unstable_transformProfile=hermes-stable:9795:11)
    at http://localhost:8081/apps/mobile/node_modules/expo-router/entry.bundle?platform=web&dev=true&hot=false&transform.engine=hermes&transform.routerRoot=app&unstable_transformProfile=hermes-stable:9807:33
    at reconcileChildren (http://localhost:8081/apps/mobile/node_modules/expo-router/entry.bundle?platform=web&dev=true&hot=false&transform.engine=hermes&transform.routerRoot=app&unstable_transformProfile=hermes-stable:11366:49)
    at updateFunctionComponent (http://localhost:8081/apps/mobile/node_modules/expo-router/entry.bundle?platform=web&dev=true&hot=false&transform.engine=hermes&transform.routerRoot=app&unstable_transformProfile=hermes-stable:11552:7)
    at beginWork (http://localhost:8081/apps/mobile/node_modules/expo-router/entry.bundle?platform=web&dev=true&hot=false&transform.engine=hermes&transform.routerRoot=app&unstable_transformProfile=hermes-stable:12116:18)
    at runWithFiberInDEV (http://localhost:8081/apps/mobile/node_modules/expo-router/entry.bundle?platform=web&dev=true&hot=false&transform.engine=hermes&transform.routerRoot=app&unstable_transformProfile=hermes-stable:6635:70)
    at performUnitOfWork (http://localhost:8081/apps/mobile/node_modules/expo-router/entry.bundle?platform=web&dev=true&hot=false&transform.engine=hermes&transform.routerRoot=app&unstable_transformProfile=hermes-stable:14543:95)
    at workLoopSync (http://localhost:8081/apps/mobile/node_modules/expo-router/entry.bundle?platform=web&dev=true&hot=false&transform.engine=hermes&transform.routerRoot=app&unstable_transformProfile=hermes-stable:14438:40) The above error occurred in the <App> component. React will try to recreate this component tree from scratch using the error boundary you provided, LogBoxStateSubscription. @ http://localhost:8081/apps/mobile/node_modules/expo-router/entry.bundle?platform=web&dev=true&hot=false&transform.engine=hermes&transform.routerRoot=app&unstable_transformProfile=hermes-stable:3597
[     430ms] [ERROR] Can't perform a React state update on a component that hasn't mounted yet. This indicates that you have a side-effect in your render function that asynchronously tries to update the component. Move this work to useEffect instead. @ http://localhost:8081/apps/mobile/node_modules/expo-router/entry.bundle?platform=web&dev=true&hot=false&transform.engine=hermes&transform.routerRoot=app&unstable_transformProfile=hermes-stable:3597
[     432ms] [ERROR] %o

%s

%s
 Error: A React Element from an older version of React was rendered. This is not supported. It can happen if:
- Multiple copies of the "react" package is used.
- A library pre-bundled an old copy of "react" or "react/jsx-runtime".
- A compiler tries to "inline" JSX instead of using the runtime.
    at throwOnInvalidObjectTypeImpl (http://localhost:8081/apps/mobile/node_modules/expo-router/entry.bundle?platform=web&dev=true&hot=false&transform.engine=hermes&transform.routerRoot=app&unstable_transformProfile=hermes-stable:9466:66)
    at throwOnInvalidObjectType (http://localhost:8081/apps/mobile/node_modules/expo-router/entry.bundle?platform=web&dev=true&hot=false&transform.engine=hermes&transform.routerRoot=app&unstable_transformProfile=hermes-stable:9472:108)
    at reconcileChildFibersImpl (http://localhost:8081/apps/mobile/node_modules/expo-router/entry.bundle?platform=web&dev=true&hot=false&transform.engine=hermes&transform.routerRoot=app&unstable_transformProfile=hermes-stable:9795:11)
    at http://localhost:8081/apps/mobile/node_modules/expo-router/entry.bundle?platform=web&dev=true&hot=false&transform.engine=hermes&transform.routerRoot=app&unstable_transformProfile=hermes-stable:9807:33
    at reconcileChildren (http://localhost:8081/apps/mobile/node_modules/expo-router/entry.bundle?platform=web&dev=true&hot=false&transform.engine=hermes&transform.routerRoot=app&unstable_transformProfile=hermes-stable:11366:49)
    at updateFunctionComponent (http://localhost:8081/apps/mobile/node_modules/expo-router/entry.bundle?platform=web&dev=true&hot=false&transform.engine=hermes&transform.routerRoot=app&unstable_transformProfile=hermes-stable:11552:7)
    at beginWork (http://localhost:8081/apps/mobile/node_modules/expo-router/entry.bundle?platform=web&dev=true&hot=false&transform.engine=hermes&transform.routerRoot=app&unstable_transformProfile=hermes-stable:12116:18)
    at runWithFiberInDEV (http://localhost:8081/apps/mobile/node_modules/expo-router/entry.bundle?platform=web&dev=true&hot=false&transform.engine=hermes&transform.routerRoot=app&unstable_transformProfile=hermes-stable:6635:70)
    at performUnitOfWork (http://localhost:8081/apps/mobile/node_modules/expo-router/entry.bundle?platform=web&dev=true&hot=false&transform.engine=hermes&transform.routerRoot=app&unstable_transformProfile=hermes-stable:14543:95)
    at workLoopSync (http://localhost:8081/apps/mobile/node_modules/expo-router/entry.bundle?platform=web&dev=true&hot=false&transform.engine=hermes&transform.routerRoot=app&unstable_transformProfile=hermes-stable:14438:40)
    at renderRootSync (http://localhost:8081/apps/mobile/node_modules/expo-router/entry.bundle?platform=web&dev=true&hot=false&transform.engine=hermes&transform.routerRoot=app&unstable_transformProfile=hermes-stable:14423:9)
    at performWorkOnRoot (http://localhost:8081/apps/mobile/node_modules/expo-router/entry.bundle?platform=web&dev=true&hot=false&transform.engine=hermes&transform.routerRoot=app&unstable_transformProfile=hermes-stable:14096:35)
    at performWorkOnRootViaSchedulerTask (http://localhost:8081/apps/mobile/node_modules/expo-router/entry.bundle?platform=web&dev=true&hot=false&transform.engine=hermes&transform.routerRoot=app&unstable_transformProfile=hermes-stable:15198:7)
    at MessagePort.performWorkUntilDeadline (http://localhost:8081/apps/mobile/node_modules/expo-router/entry.bundle?platform=web&dev=true&hot=false&transform.engine=hermes&transform.routerRoot=app&unstable_transformProfile=hermes-stable:21137:48) The above error occurred in the <App> component. React will try to recreate this component tree from scratch using the error boundary you provided, LogBoxStateSubscription. @ http://localhost:8081/apps/mobile/node_modules/expo-router/entry.bundle?platform=web&dev=true&hot=false&transform.engine=hermes&transform.routerRoot=app&unstable_transformProfile=hermes-stable:3597
