[     207ms] [INFO] %cDownload the React DevTools for a better development experience: https://reactjs.org/link/react-devtools font-weight:bold @ http://localhost:8081/apps/mobile/node_modules/expo-router/entry.bundle?platform=web&dev=true&hot=false&transform.engine=hermes&transform.routerRoot=app&unstable_transformProfile=hermes-stable:34298
[     248ms] [LOG] Running application "main" with appParams:
 {rootTag: #root, hydrate: undefined} 
Development-level warnings: ON.
Performance optimizations: OFF. @ http://localhost:8081/apps/mobile/node_modules/expo-router/entry.bundle?platform=web&dev=true&hot=false&transform.engine=hermes&transform.routerRoot=app&unstable_transformProfile=hermes-stable:77220
[     262ms] [WARNING] "shadow*" style props are deprecated. Use "boxShadow". @ http://localhost:8081/apps/mobile/node_modules/expo-router/entry.bundle?platform=web&dev=true&hot=false&transform.engine=hermes&transform.routerRoot=app&unstable_transformProfile=hermes-stable:40935
[     766ms] [WARNING] props.pointerEvents is deprecated. Use style.pointerEvents @ http://localhost:8081/apps/mobile/node_modules/expo-router/entry.bundle?platform=web&dev=true&hot=false&transform.engine=hermes&transform.routerRoot=app&unstable_transformProfile=hermes-stable:40935
[   25506ms] [WARNING] Blocked aria-hidden on an element because its descendant retained focus. The focus must not be hidden from assistive technology users. Avoid using aria-hidden on a focused element or its ancestor. Consider using the inert attribute instead, which will also prevent focus. For more details, see the aria-hidden section of the WAI-ARIA specification at https://w3c.github.io/aria/#aria-hidden.
Element with focus: <div.css-view-175oi2r r-transitionProperty-1i6wzkk r-userSelect-lrvibr r-cursor-1loqt21 r-touchAction-1otgn73 r-alignItems-1awozwy r-backgroundColor-1ovhewf r-borderRadius-t23y2h r-marginBottom-15d164r r-paddingBlock-w7s2jr>
Ancestor with aria-hidden: <div.css-view-175oi2r r-flex-13awgt0 r-bottom-1p0dtai r-left-1d2f490 r-position-u8s1d r-right-zchlnj r-top-ipm5af> @ http://localhost:8081/villas/add-form:0
[36840269ms] [INFO] %cDownload the React DevTools for a better development experience: https://reactjs.org/link/react-devtools font-weight:bold @ http://localhost:8081/apps/mobile/node_modules/expo-router/entry.bundle?platform=web&dev=true&hot=false&transform.engine=hermes&transform.routerRoot=app&unstable_transformProfile=hermes-stable:34298
[36840311ms] [LOG] Running application "main" with appParams:
 {rootTag: #root, hydrate: undefined} 
Development-level warnings: ON.
Performance optimizations: OFF. @ http://localhost:8081/apps/mobile/node_modules/expo-router/entry.bundle?platform=web&dev=true&hot=false&transform.engine=hermes&transform.routerRoot=app&unstable_transformProfile=hermes-stable:77220
[36840324ms] [WARNING] "shadow*" style props are deprecated. Use "boxShadow". @ http://localhost:8081/apps/mobile/node_modules/expo-router/entry.bundle?platform=web&dev=true&hot=false&transform.engine=hermes&transform.routerRoot=app&unstable_transformProfile=hermes-stable:40935
[36840820ms] [WARNING] props.pointerEvents is deprecated. Use style.pointerEvents @ http://localhost:8081/apps/mobile/node_modules/expo-router/entry.bundle?platform=web&dev=true&hot=false&transform.engine=hermes&transform.routerRoot=app&unstable_transformProfile=hermes-stable:40935
[36882647ms] [INFO] %cDownload the React DevTools for a better development experience: https://reactjs.org/link/react-devtools font-weight:bold @ http://localhost:8081/apps/mobile/node_modules/expo-router/entry.bundle?platform=web&dev=true&hot=false&transform.engine=hermes&transform.routerRoot=app&unstable_transformProfile=hermes-stable:34298
[36882665ms] [LOG] Running application "main" with appParams:
 {rootTag: #root, hydrate: undefined} 
Development-level warnings: ON.
Performance optimizations: OFF. @ http://localhost:8081/apps/mobile/node_modules/expo-router/entry.bundle?platform=web&dev=true&hot=false&transform.engine=hermes&transform.routerRoot=app&unstable_transformProfile=hermes-stable:77220
[36882671ms] [WARNING] "shadow*" style props are deprecated. Use "boxShadow". @ http://localhost:8081/apps/mobile/node_modules/expo-router/entry.bundle?platform=web&dev=true&hot=false&transform.engine=hermes&transform.routerRoot=app&unstable_transformProfile=hermes-stable:40935
[36883208ms] [WARNING] props.pointerEvents is deprecated. Use style.pointerEvents @ http://localhost:8081/apps/mobile/node_modules/expo-router/entry.bundle?platform=web&dev=true&hot=false&transform.engine=hermes&transform.routerRoot=app&unstable_transformProfile=hermes-stable:40935
[36887558ms] [INFO] %cDownload the React DevTools for a better development experience: https://reactjs.org/link/react-devtools font-weight:bold @ http://localhost:8081/apps/mobile/node_modules/expo-router/entry.bundle?platform=web&dev=true&hot=false&transform.engine=hermes&transform.routerRoot=app&unstable_transformProfile=hermes-stable:34298
[36887573ms] [LOG] Running application "main" with appParams:
 {rootTag: #root, hydrate: undefined} 
Development-level warnings: ON.
Performance optimizations: OFF. @ http://localhost:8081/apps/mobile/node_modules/expo-router/entry.bundle?platform=web&dev=true&hot=false&transform.engine=hermes&transform.routerRoot=app&unstable_transformProfile=hermes-stable:77220
[36887577ms] [WARNING] "shadow*" style props are deprecated. Use "boxShadow". @ http://localhost:8081/apps/mobile/node_modules/expo-router/entry.bundle?platform=web&dev=true&hot=false&transform.engine=hermes&transform.routerRoot=app&unstable_transformProfile=hermes-stable:40935
[36889719ms] [WARNING] Blocked aria-hidden on an element because its descendant retained focus. The focus must not be hidden from assistive technology users. Avoid using aria-hidden on a focused element or its ancestor. Consider using the inert attribute instead, which will also prevent focus. For more details, see the aria-hidden section of the WAI-ARIA specification at https://w3c.github.io/aria/#aria-hidden.
Element with focus: <div.css-view-175oi2r r-transitionProperty-1i6wzkk r-userSelect-lrvibr r-cursor-1loqt21 r-touchAction-1otgn73 r-alignItems-1awozwy r-backgroundColor-1fsq24y r-borderRadius-t23y2h r-paddingBlock-iaysbf>
Ancestor with aria-hidden: <div.css-view-175oi2r r-flex-13awgt0 r-bottom-1p0dtai r-left-1d2f490 r-position-u8s1d r-right-zchlnj r-top-ipm5af> @ http://localhost:8081/login:0
[36889815ms] [VERBOSE] [DOM] Password field is not contained in a form: (More info: https://goo.gl/9p2vKq) %o @ http://localhost:8081/login:0
[36896526ms] [WARNING] props.pointerEvents is deprecated. Use style.pointerEvents @ http://localhost:8081/apps/mobile/node_modules/expo-router/entry.bundle?platform=web&dev=true&hot=false&transform.engine=hermes&transform.routerRoot=app&unstable_transformProfile=hermes-stable:40935
[36900821ms] [WARNING] Blocked aria-hidden on an element because its descendant retained focus. The focus must not be hidden from assistive technology users. Avoid using aria-hidden on a focused element or its ancestor. Consider using the inert attribute instead, which will also prevent focus. For more details, see the aria-hidden section of the WAI-ARIA specification at https://w3c.github.io/aria/#aria-hidden.
Element with focus: <div.css-view-175oi2r r-transitionProperty-1i6wzkk r-userSelect-lrvibr r-cursor-1loqt21 r-touchAction-1otgn73 r-alignItems-1awozwy r-backgroundColor-1fsq24y r-borderRadius-t23y2h r-marginInline-bhtmuz r-marginTop-1x0uki6 r-paddingBlock-w7s2jr>
Ancestor with aria-hidden: <div.css-view-175oi2r r-flex-13awgt0> @ http://localhost:8081/villas/add:0
[36904498ms] [WARNING] Blocked aria-hidden on an element because its descendant retained focus. The focus must not be hidden from assistive technology users. Avoid using aria-hidden on a focused element or its ancestor. Consider using the inert attribute instead, which will also prevent focus. For more details, see the aria-hidden section of the WAI-ARIA specification at https://w3c.github.io/aria/#aria-hidden.
Element with focus: <div.css-view-175oi2r r-transitionProperty-1i6wzkk r-userSelect-lrvibr r-cursor-1loqt21 r-touchAction-1otgn73 r-alignItems-1awozwy r-paddingBlock-1mmae3n>
Ancestor with aria-hidden: <div.css-view-175oi2r r-flex-13awgt0> @ http://localhost:8081/villas/add:0
[36910859ms] [WARNING] Blocked aria-hidden on an element because its descendant retained focus. The focus must not be hidden from assistive technology users. Avoid using aria-hidden on a focused element or its ancestor. Consider using the inert attribute instead, which will also prevent focus. For more details, see the aria-hidden section of the WAI-ARIA specification at https://w3c.github.io/aria/#aria-hidden.
Element with focus: <div.css-view-175oi2r r-transitionProperty-1i6wzkk r-userSelect-lrvibr r-cursor-1loqt21 r-touchAction-1otgn73 r-alignItems-1awozwy r-backgroundColor-1ovhewf r-borderRadius-t23y2h r-marginBottom-15d164r r-paddingBlock-w7s2jr>
Ancestor with aria-hidden: <div.css-view-175oi2r r-flex-13awgt0 r-bottom-1p0dtai r-left-1d2f490 r-position-u8s1d r-right-zchlnj r-top-ipm5af> @ http://localhost:8081/villas/add-form:0
[37260249ms] [INFO] %cDownload the React DevTools for a better development experience: https://reactjs.org/link/react-devtools font-weight:bold @ http://localhost:8081/apps/mobile/node_modules/expo-router/entry.bundle?platform=web&dev=true&hot=false&transform.engine=hermes&transform.routerRoot=app&unstable_transformProfile=hermes-stable:34298
[37260297ms] [LOG] Running application "main" with appParams:
 {rootTag: #root, hydrate: undefined} 
Development-level warnings: ON.
Performance optimizations: OFF. @ http://localhost:8081/apps/mobile/node_modules/expo-router/entry.bundle?platform=web&dev=true&hot=false&transform.engine=hermes&transform.routerRoot=app&unstable_transformProfile=hermes-stable:77220
[37260311ms] [WARNING] "shadow*" style props are deprecated. Use "boxShadow". @ http://localhost:8081/apps/mobile/node_modules/expo-router/entry.bundle?platform=web&dev=true&hot=false&transform.engine=hermes&transform.routerRoot=app&unstable_transformProfile=hermes-stable:40935
[37260867ms] [WARNING] props.pointerEvents is deprecated. Use style.pointerEvents @ http://localhost:8081/apps/mobile/node_modules/expo-router/entry.bundle?platform=web&dev=true&hot=false&transform.engine=hermes&transform.routerRoot=app&unstable_transformProfile=hermes-stable:40935
[37262727ms] [WARNING] Blocked aria-hidden on an element because its descendant retained focus. The focus must not be hidden from assistive technology users. Avoid using aria-hidden on a focused element or its ancestor. Consider using the inert attribute instead, which will also prevent focus. For more details, see the aria-hidden section of the WAI-ARIA specification at https://w3c.github.io/aria/#aria-hidden.
Element with focus: <div.css-view-175oi2r r-transitionProperty-1i6wzkk r-userSelect-lrvibr r-cursor-1loqt21 r-touchAction-1otgn73 r-alignItems-1awozwy r-backgroundColor-1ovhewf r-borderRadius-t23y2h r-marginBottom-15d164r r-paddingBlock-w7s2jr>
Ancestor with aria-hidden: <div.css-view-175oi2r r-flex-13awgt0 r-bottom-1p0dtai r-left-1d2f490 r-position-u8s1d r-right-zchlnj r-top-ipm5af> @ http://localhost:8081/villas/add-form:0
[37270562ms] [INFO] %cDownload the React DevTools for a better development experience: https://reactjs.org/link/react-devtools font-weight:bold @ http://localhost:8081/apps/mobile/node_modules/expo-router/entry.bundle?platform=web&dev=true&hot=false&transform.engine=hermes&transform.routerRoot=app&unstable_transformProfile=hermes-stable:34298
[37270577ms] [LOG] Running application "main" with appParams:
 {rootTag: #root, hydrate: undefined} 
Development-level warnings: ON.
Performance optimizations: OFF. @ http://localhost:8081/apps/mobile/node_modules/expo-router/entry.bundle?platform=web&dev=true&hot=false&transform.engine=hermes&transform.routerRoot=app&unstable_transformProfile=hermes-stable:77220
[37270582ms] [WARNING] "shadow*" style props are deprecated. Use "boxShadow". @ http://localhost:8081/apps/mobile/node_modules/expo-router/entry.bundle?platform=web&dev=true&hot=false&transform.engine=hermes&transform.routerRoot=app&unstable_transformProfile=hermes-stable:40935
[37271082ms] [WARNING] props.pointerEvents is deprecated. Use style.pointerEvents @ http://localhost:8081/apps/mobile/node_modules/expo-router/entry.bundle?platform=web&dev=true&hot=false&transform.engine=hermes&transform.routerRoot=app&unstable_transformProfile=hermes-stable:40935
[37272064ms] [WARNING] Blocked aria-hidden on an element because its descendant retained focus. The focus must not be hidden from assistive technology users. Avoid using aria-hidden on a focused element or its ancestor. Consider using the inert attribute instead, which will also prevent focus. For more details, see the aria-hidden section of the WAI-ARIA specification at https://w3c.github.io/aria/#aria-hidden.
Element with focus: <div.css-view-175oi2r r-transitionProperty-1i6wzkk r-userSelect-lrvibr r-cursor-1loqt21 r-touchAction-1otgn73 r-marginBottom-1ifxtd0>
Ancestor with aria-hidden: <div.css-view-175oi2r r-flex-13awgt0> @ http://localhost:8081/home:0
[37273442ms] [WARNING] Blocked aria-hidden on an element because its descendant retained focus. The focus must not be hidden from assistive technology users. Avoid using aria-hidden on a focused element or its ancestor. Consider using the inert attribute instead, which will also prevent focus. For more details, see the aria-hidden section of the WAI-ARIA specification at https://w3c.github.io/aria/#aria-hidden.
Element with focus: <div.css-view-175oi2r r-transitionProperty-1i6wzkk r-userSelect-lrvibr r-cursor-1loqt21 r-touchAction-1otgn73 r-alignItems-1awozwy r-backgroundColor-1fsq24y r-borderRadius-t23y2h r-marginInline-bhtmuz r-marginTop-1x0uki6 r-paddingBlock-w7s2jr>
Ancestor with aria-hidden: <div.css-view-175oi2r r-flex-13awgt0> @ http://localhost:8081/villas/add-form:0
