[    9866ms] [ERROR] Failed to load resource: the server responded with a status of 500 (Internal Server Error) @ http://localhost:3100/:0
[   10042ms] [INFO] %cDownload the React DevTools for a better development experience: https://react.dev/link/react-devtools font-weight:bold @ http://localhost:3100/_next/static/chunks/node_modules_react-dom_0bruynb._.js:15305
[   10095ms] Error: ./apps/admin-web/app/globals.css:735:8
Parsing CSS source code failed
  733 | }
  734 |
> 735 | @import url('https://fonts.googleapis.com/css2?family=Plus+Jakarta+Sans:wght@400;500;600;...
      |        ^
  736 |
  737 | body {
  738 |   font-family: 'Plus Jakarta Sans', -apple-system, sans-serif;

@import rules must precede all rules aside from @charset and @layer statements

Generated code of PostCSS transform of file content of apps/admin-web/app/globals.css:
./apps/admin-web/app/globals.css:735:8
  733 | }
  734 |
> 735 | @import url('https://fonts.googleapis.com/css2?family=Plus+Jakarta+Sans:wght@400;500;600;...
      |        ^
  736 |
  737 | body {
  738 |   font-family: 'Plus Jakarta Sans', -apple-system, sans-serif;

Import trace:
  Client Component Browser:
    ./apps/admin-web/app/globals.css [Client Component Browser]
    ./apps/admin-web/app/layout.tsx [Server Component]


    at <unknown> (Error: ./apps/admin-web/app/globals.css:735:8)
    at <unknown> (./apps/admin-web/app/globals.css:735:8)
    at Object.getCompilationErrors (file://C:\villatolk\node_modules\next\dist\server\dev\hot-reloader-turbopack.js:1186:59)
    at DevBundlerService.getCompilationError (file://C:\villatolk\node_modules\next\dist\server\lib\dev-bundler-service.js:44:55)
    at DevServer.getCompilationError (file://C:\villatolk\node_modules\next\dist\server\dev\next-dev-server.js:719:42)
    at DevServer.findPageComponents (file://C:\villatolk\node_modules\next\dist\server\dev\next-dev-server.js:689:43)
    at async DevServer.renderErrorToResponseImpl (file://C:\villatolk\node_modules\next\dist\server\base-server.js:1745:26)
[   10094ms] [LOG] [HMR] connected @ http://localhost:3100/_next/static/chunks/node_modules_next_dist_0u_w_5s._.js:1226
[   10182ms] [ERROR] Failed to load resource: the server responded with a status of 404 (Not Found) @ http://localhost:3100/favicon.ico:0
[   10217ms] [LOG] [Fast Refresh] rebuilding @ http://localhost:3100/_next/static/chunks/node_modules_next_dist_0u_w_5s._.js:1226
[   10238ms] [ERROR] ./apps/admin-web/app/globals.css:735:8
Parsing CSS source code failed
  733 | }
  734 |
> 735 | @import url('https://fonts.googleapis.com/css2?family=Plus+Jakarta+Sans:wght@400;500;600;...
      |        ^
  736 |
  737 | body {
  738 |   font-family: 'Plus Jakarta Sans', -apple-system, sans-serif;

@import rules must precede all rules aside from @charset and @layer statements

Generated code of PostCSS transform of file content of apps/admin-web/app/globals.css:
./apps/admin-web/app/globals.css:735:8
  733 | }
  734 |
> 735 | @import url('https://fonts.googleapis.com/css2?family=Plus+Jakarta+Sans:wght@400;500;600;...
      |        ^
  736 |
  737 | body {
  738 |   font-family: 'Plus Jakarta Sans', -apple-system, sans-serif;

Import trace:
  Client Component Browser:
    ./apps/admin-web/app/globals.css [Client Component Browser]
    ./apps/admin-web/app/layout.tsx [Server Component] @ http://localhost:3100/_next/static/chunks/node_modules_next_dist_0u_w_5s._.js:1945
[   10283ms] [ERROR] ./apps/admin-web/app/globals.css:735:8
Parsing CSS source code failed
  733 | }
  734 |
> 735 | @import url('https://fonts.googleapis.com/css2?family=Plus+Jakarta+Sans:wght@400;500;600;...
      |        ^
  736 |
  737 | body {
  738 |   font-family: 'Plus Jakarta Sans', -apple-system, sans-serif;

@import rules must precede all rules aside from @charset and @layer statements

Generated code of PostCSS transform of file content of apps/admin-web/app/globals.css:
./apps/admin-web/app/globals.css:735:8
  733 | }
  734 |
> 735 | @import url('https://fonts.googleapis.com/css2?family=Plus+Jakarta+Sans:wght@400;500;600;...
      |        ^
  736 |
  737 | body {
  738 |   font-family: 'Plus Jakarta Sans', -apple-system, sans-serif;

Import trace:
  Client Component Browser:
    ./apps/admin-web/app/globals.css [Client Component Browser]
    ./apps/admin-web/app/layout.tsx [Server Component] @ http://localhost:3100/_next/static/chunks/node_modules_next_dist_0u_w_5s._.js:1945
[   10328ms] [ERROR] ./apps/admin-web/app/globals.css:735:8
Parsing CSS source code failed
  733 | }
  734 |
> 735 | @import url('https://fonts.googleapis.com/css2?family=Plus+Jakarta+Sans:wght@400;500;600;...
      |        ^
  736 |
  737 | body {
  738 |   font-family: 'Plus Jakarta Sans', -apple-system, sans-serif;

@import rules must precede all rules aside from @charset and @layer statements

Generated code of PostCSS transform of file content of apps/admin-web/app/globals.css:
./apps/admin-web/app/globals.css:735:8
  733 | }
  734 |
> 735 | @import url('https://fonts.googleapis.com/css2?family=Plus+Jakarta+Sans:wght@400;500;600;...
      |        ^
  736 |
  737 | body {
  738 |   font-family: 'Plus Jakarta Sans', -apple-system, sans-serif;

Import trace:
  Client Component Browser:
    ./apps/admin-web/app/globals.css [Client Component Browser]
    ./apps/admin-web/app/layout.tsx [Server Component] @ http://localhost:3100/_next/static/chunks/node_modules_next_dist_0u_w_5s._.js:1945
[   10384ms] [LOG] [Fast Refresh] rebuilding @ http://localhost:3100/_next/static/chunks/node_modules_next_dist_0u_w_5s._.js:1226
[   15455ms] [ERROR] ./apps/admin-web/app/globals.css:735:8
Parsing CSS source code failed
  733 | }
  734 |
> 735 | @import url('https://fonts.googleapis.com/css2?family=Plus+Jakarta+Sans:wght@400;500;600;...
      |        ^
  736 |
  737 | body {
  738 |   font-family: 'Plus Jakarta Sans', -apple-system, sans-serif;

@import rules must precede all rules aside from @charset and @layer statements

Generated code of PostCSS transform of file content of apps/admin-web/app/globals.css:
./apps/admin-web/app/globals.css:735:8
  733 | }
  734 |
> 735 | @import url('https://fonts.googleapis.com/css2?family=Plus+Jakarta+Sans:wght@400;500;600;...
      |        ^
  736 |
  737 | body {
  738 |   font-family: 'Plus Jakarta Sans', -apple-system, sans-serif;

Import trace:
  Client Component Browser:
    ./apps/admin-web/app/globals.css [Client Component Browser]
    ./apps/admin-web/app/layout.tsx [Server Component] @ http://localhost:3100/_next/static/chunks/node_modules_next_dist_0u_w_5s._.js:1945
[   15516ms] [LOG] [Fast Refresh] rebuilding @ http://localhost:3100/_next/static/chunks/node_modules_next_dist_0u_w_5s._.js:1226
[   24494ms] [LOG] [Fast Refresh] rebuilding @ http://localhost:3100/_next/static/chunks/node_modules_next_dist_0u_w_5s._.js:1226
[   24895ms] [LOG] [Fast Refresh] done in 92ms @ http://localhost:3100/_next/static/chunks/node_modules_next_dist_0u_w_5s._.js:1226
[   25051ms] [INFO] %cDownload the React DevTools for a better development experience: https://react.dev/link/react-devtools font-weight:bold @ http://localhost:3100/_next/static/chunks/node_modules_next_dist_115brz8._.js:2431
[   25124ms] [LOG] [HMR] connected @ http://localhost:3100/_next/static/chunks/node_modules_next_dist_115brz8._.js:2431
[   36355ms] [LOG] [Fast Refresh] rebuilding @ http://localhost:3100/_next/static/chunks/node_modules_next_dist_115brz8._.js:2431
[   36899ms] [LOG] [Fast Refresh] done in 649ms @ http://localhost:3100/_next/static/chunks/node_modules_next_dist_115brz8._.js:2431
[   37025ms] [LOG] [Fast Refresh] rebuilding @ http://localhost:3100/_next/static/chunks/node_modules_next_dist_115brz8._.js:2431
[   37107ms] [LOG] [Fast Refresh] done in 186ms @ http://localhost:3100/_next/static/chunks/node_modules_next_dist_115brz8._.js:2431
[   37183ms] [INFO] %cDownload the React DevTools for a better development experience: https://react.dev/link/react-devtools font-weight:bold @ http://localhost:3100/_next/static/chunks/node_modules_next_dist_115brz8._.js:2431
[   37200ms] [LOG] [HMR] connected @ http://localhost:3100/_next/static/chunks/node_modules_next_dist_115brz8._.js:2431
[   43018ms] [LOG] [Fast Refresh] rebuilding @ http://localhost:3100/_next/static/chunks/node_modules_next_dist_115brz8._.js:2431
[   43129ms] [LOG] [Fast Refresh] done in 49ms @ http://localhost:3100/_next/static/chunks/node_modules_next_dist_115brz8._.js:2431
[   44798ms] [LOG] [Fast Refresh] rebuilding @ http://localhost:3100/_next/static/chunks/node_modules_next_dist_115brz8._.js:2431
[   45037ms] [LOG] [Fast Refresh] done in 346ms @ http://localhost:3100/_next/static/chunks/node_modules_next_dist_115brz8._.js:2431
[   45047ms] [ERROR] Failed to load resource: the server responded with a status of 404 (Not Found) @ http://localhost:3100/admins:0
[   45079ms] [INFO] %cDownload the React DevTools for a better development experience: https://react.dev/link/react-devtools font-weight:bold @ http://localhost:3100/_next/static/chunks/node_modules_next_dist_115brz8._.js:2431
[   45090ms] [LOG] [HMR] connected @ http://localhost:3100/_next/static/chunks/node_modules_next_dist_115brz8._.js:2431
[   47191ms] [ERROR] Failed to load resource: the server responded with a status of 404 (Not Found) @ http://localhost:3100/admins:0
[   47209ms] [INFO] %cDownload the React DevTools for a better development experience: https://react.dev/link/react-devtools font-weight:bold @ http://localhost:3100/_next/static/chunks/node_modules_next_dist_115brz8._.js:2431
[   47221ms] [LOG] [HMR] connected @ http://localhost:3100/_next/static/chunks/node_modules_next_dist_115brz8._.js:2431
[   47955ms] [ERROR] Failed to load resource: the server responded with a status of 404 (Not Found) @ http://localhost:3100/villas:0
[   47974ms] [INFO] %cDownload the React DevTools for a better development experience: https://react.dev/link/react-devtools font-weight:bold @ http://localhost:3100/_next/static/chunks/node_modules_next_dist_115brz8._.js:2431
[   47983ms] [LOG] [HMR] connected @ http://localhost:3100/_next/static/chunks/node_modules_next_dist_115brz8._.js:2431
